<?xml version="1.0" encoding="UTF-8"?>
<testsuite name="NavyTest" tests="1" skipped="0" failures="0" errors="0" timestamp="2021-02-28T18:47:55" hostname="DESKTOP-5GU2UV0" time="0.043">
  <properties/>
  <testcase name="GIVEN a ship WHEN giving coordinates THEN move to that coordinates" classname="NavyTest" time="0.043"/>
  <system-out><![CDATA[20 25
30 40
]]></system-out>
  <system-err><![CDATA[]]></system-err>
</testsuite>
