<?xml version="1.0" encoding="UTF-8"?>
<testsuite name="NavyTest" tests="1" skipped="0" failures="0" errors="0" timestamp="2021-02-27T17:01:14" hostname="DESKTOP-5GU2UV0" time="0.03">
  <properties/>
  <testcase name="GIVEN a position WHEN making an attack THEN return arraylist of machines affected by explosion" classname="NavyTest" time="0.03"/>
  <system-out><![CDATA[]]></system-out>
  <system-err><![CDATA[]]></system-err>
</testsuite>
